{"C:\\Users\\BKK\\Documents\\MyProjects\\nodejs-task-management\\app.js": {"path":"C:\\Users\\BKK\\Documents\\MyProjects\\nodejs-task-management\\app.js","statementMap":{"0":{"start":{"line":3,"column":16},"end":{"line":3,"column":34}},"1":{"start":{"line":4,"column":18},"end":{"line":4,"column":47}},"2":{"start":{"line":5,"column":19},"end":{"line":5,"column":44}},"3":{"start":{"line":6,"column":20},"end":{"line":6,"column":52}},"4":{"start":{"line":7,"column":13},"end":{"line":7,"column":28}},"5":{"start":{"line":8,"column":0},"end":{"line":8,"column":50}},"6":{"start":{"line":10,"column":0},"end":{"line":10,"column":45}},"7":{"start":{"line":11,"column":0},"end":{"line":11,"column":45}},"8":{"start":{"line":12,"column":0},"end":{"line":12,"column":45}},"9":{"start":{"line":13,"column":0},"end":{"line":13,"column":45}},"10":{"start":{"line":15,"column":12},"end":{"line":15,"column":21}},"11":{"start":{"line":17,"column":0},"end":{"line":20,"column":69}},"12":{"start":{"line":22,"column":0},"end":{"line":22,"column":21}}},"fnMap":{},"branchMap":{},"s":{"0":1,"1":1,"2":1,"3":1,"4":1,"5":1,"6":1,"7":1,"8":1,"9":1,"10":1,"11":1,"12":1},"f":{},"b":{},"_coverageSchema":"1a1c01bbd47fc00a2c39e90264f33305004495a9","hash":"f7deb3b2dab62b7c0084beb732074b8ef5244522"}
,"C:\\Users\\BKK\\Documents\\MyProjects\\nodejs-task-management\\knexfile.js": {"path":"C:\\Users\\BKK\\Documents\\MyProjects\\nodejs-task-management\\knexfile.js","statementMap":{"0":{"start":{"line":2,"column":0},"end":{"line":2,"column":50}},"1":{"start":{"line":4,"column":0},"end":{"line":35,"column":2}}},"fnMap":{},"branchMap":{"0":{"loc":{"start":{"line":8,"column":18},"end":{"line":8,"column":52}},"type":"binary-expr","locations":[{"start":{"line":8,"column":18},"end":{"line":8,"column":37}},{"start":{"line":8,"column":41},"end":{"line":8,"column":52}}],"line":8},"1":{"loc":{"start":{"line":9,"column":18},"end":{"line":9,"column":47}},"type":"binary-expr","locations":[{"start":{"line":9,"column":18},"end":{"line":9,"column":37}},{"start":{"line":9,"column":41},"end":{"line":9,"column":47}}],"line":9},"2":{"loc":{"start":{"line":10,"column":22},"end":{"line":10,"column":59}},"type":"binary-expr","locations":[{"start":{"line":10,"column":22},"end":{"line":10,"column":45}},{"start":{"line":10,"column":49},"end":{"line":10,"column":59}}],"line":10},"3":{"loc":{"start":{"line":11,"column":22},"end":{"line":11,"column":57}},"type":"binary-expr","locations":[{"start":{"line":11,"column":22},"end":{"line":11,"column":41}},{"start":{"line":11,"column":45},"end":{"line":11,"column":57}}],"line":11},"4":{"loc":{"start":{"line":12,"column":18},"end":{"line":12,"column":45}},"type":"binary-expr","locations":[{"start":{"line":12,"column":18},"end":{"line":12,"column":37}},{"start":{"line":12,"column":41},"end":{"line":12,"column":45}}],"line":12}},"s":{"0":1,"1":1},"f":{},"b":{"0":[1,0],"1":[1,0],"2":[1,0],"3":[1,0],"4":[1,0]},"_coverageSchema":"1a1c01bbd47fc00a2c39e90264f33305004495a9","hash":"564946d519447dd060fde8172b749fc3b6ceebb0"}
,"C:\\Users\\BKK\\Documents\\MyProjects\\nodejs-task-management\\configs\\swaggerDocs.js": {"path":"C:\\Users\\BKK\\Documents\\MyProjects\\nodejs-task-management\\configs\\swaggerDocs.js","statementMap":{"0":{"start":{"line":1,"column":21},"end":{"line":1,"column":45}},"1":{"start":{"line":2,"column":13},"end":{"line":2,"column":28}},"2":{"start":{"line":4,"column":23},"end":{"line":14,"column":1}},"3":{"start":{"line":16,"column":20},"end":{"line":16,"column":48}},"4":{"start":{"line":18,"column":19},"end":{"line":22,"column":1}},"5":{"start":{"line":24,"column":21},"end":{"line":93,"column":1}},"6":{"start":{"line":95,"column":0},"end":{"line":95,"column":62}},"7":{"start":{"line":97,"column":0},"end":{"line":97,"column":29}}},"fnMap":{},"branchMap":{},"s":{"0":1,"1":1,"2":1,"3":1,"4":1,"5":1,"6":1,"7":1},"f":{},"b":{},"_coverageSchema":"1a1c01bbd47fc00a2c39e90264f33305004495a9","hash":"a74a87f386d7a6bd8b46f7355096bb7ccb4f8d16"}
,"C:\\Users\\BKK\\Documents\\MyProjects\\nodejs-task-management\\db\\migrations\\20250206101410_create_users_table.js": {"path":"C:\\Users\\BKK\\Documents\\MyProjects\\nodejs-task-management\\db\\migrations\\20250206101410_create_users_table.js","statementMap":{"0":{"start":{"line":5,"column":0},"end":{"line":13,"column":2}},"1":{"start":{"line":6,"column":4},"end":{"line":12,"column":7}},"2":{"start":{"line":7,"column":8},"end":{"line":7,"column":41}},"3":{"start":{"line":8,"column":8},"end":{"line":8,"column":43}},"4":{"start":{"line":9,"column":8},"end":{"line":9,"column":53}},"5":{"start":{"line":10,"column":8},"end":{"line":10,"column":47}},"6":{"start":{"line":11,"column":8},"end":{"line":11,"column":37}},"7":{"start":{"line":19,"column":0},"end":{"line":21,"column":2}},"8":{"start":{"line":20,"column":4},"end":{"line":20,"column":42}}},"fnMap":{"0":{"name":"(anonymous_0)","decl":{"start":{"line":5,"column":13},"end":{"line":5,"column":14}},"loc":{"start":{"line":5,"column":29},"end":{"line":13,"column":1}},"line":5},"1":{"name":"(anonymous_1)","decl":{"start":{"line":6,"column":44},"end":{"line":6,"column":45}},"loc":{"start":{"line":6,"column":55},"end":{"line":12,"column":5}},"line":6},"2":{"name":"(anonymous_2)","decl":{"start":{"line":19,"column":15},"end":{"line":19,"column":16}},"loc":{"start":{"line":19,"column":31},"end":{"line":21,"column":1}},"line":19}},"branchMap":{},"s":{"0":1,"1":1,"2":1,"3":1,"4":1,"5":1,"6":1,"7":1,"8":0},"f":{"0":1,"1":1,"2":0},"b":{},"_coverageSchema":"1a1c01bbd47fc00a2c39e90264f33305004495a9","hash":"ed74b71a3cf328dfdb5a8e09c95633f827b7bb76"}
,"C:\\Users\\BKK\\Documents\\MyProjects\\nodejs-task-management\\db\\migrations\\20250209111146_create_users_table.js": {"path":"C:\\Users\\BKK\\Documents\\MyProjects\\nodejs-task-management\\db\\migrations\\20250209111146_create_users_table.js","statementMap":{"0":{"start":{"line":5,"column":0},"end":{"line":7,"column":2}},"1":{"start":{"line":13,"column":0},"end":{"line":15,"column":2}}},"fnMap":{"0":{"name":"(anonymous_0)","decl":{"start":{"line":5,"column":13},"end":{"line":5,"column":14}},"loc":{"start":{"line":5,"column":28},"end":{"line":7,"column":1}},"line":5},"1":{"name":"(anonymous_1)","decl":{"start":{"line":13,"column":15},"end":{"line":13,"column":16}},"loc":{"start":{"line":13,"column":30},"end":{"line":15,"column":1}},"line":13}},"branchMap":{},"s":{"0":1,"1":1},"f":{"0":1,"1":0},"b":{},"_coverageSchema":"1a1c01bbd47fc00a2c39e90264f33305004495a9","hash":"2bd27e164d4c85f6897051d621b12823dfaa0611"}
,"C:\\Users\\BKK\\Documents\\MyProjects\\nodejs-task-management\\knex\\index.js": {"path":"C:\\Users\\BKK\\Documents\\MyProjects\\nodejs-task-management\\knex\\index.js","statementMap":{"0":{"start":{"line":1,"column":13},"end":{"line":1,"column":28}},"1":{"start":{"line":2,"column":15},"end":{"line":2,"column":37}},"2":{"start":{"line":3,"column":0},"end":{"line":3,"column":91}},"3":{"start":{"line":5,"column":20},"end":{"line":5,"column":57}},"4":{"start":{"line":6,"column":11},"end":{"line":6,"column":36}},"5":{"start":{"line":8,"column":0},"end":{"line":8,"column":20}}},"fnMap":{},"branchMap":{"0":{"loc":{"start":{"line":3,"column":48},"end":{"line":3,"column":85}},"type":"binary-expr","locations":[{"start":{"line":3,"column":48},"end":{"line":3,"column":68}},{"start":{"line":3,"column":72},"end":{"line":3,"column":85}}],"line":3},"1":{"loc":{"start":{"line":5,"column":20},"end":{"line":5,"column":57}},"type":"binary-expr","locations":[{"start":{"line":5,"column":20},"end":{"line":5,"column":40}},{"start":{"line":5,"column":44},"end":{"line":5,"column":57}}],"line":5}},"s":{"0":1,"1":1,"2":1,"3":1,"4":1,"5":1},"f":{},"b":{"0":[1,0],"1":[1,0]},"_coverageSchema":"1a1c01bbd47fc00a2c39e90264f33305004495a9","hash":"b16af295feccb2b18e1e8c5326cddd857294f945"}
,"C:\\Users\\BKK\\Documents\\MyProjects\\nodejs-task-management\\models\\user.model.js": {"path":"C:\\Users\\BKK\\Documents\\MyProjects\\nodejs-task-management\\models\\user.model.js","statementMap":{"0":{"start":{"line":1,"column":18},"end":{"line":1,"column":38}},"1":{"start":{"line":2,"column":13},"end":{"line":2,"column":40}},"2":{"start":{"line":4,"column":0},"end":{"line":4,"column":17}},"3":{"start":{"line":8,"column":8},"end":{"line":8,"column":23}},"4":{"start":{"line":12,"column":0},"end":{"line":12,"column":22}}},"fnMap":{"0":{"name":"(anonymous_0)","decl":{"start":{"line":7,"column":4},"end":{"line":7,"column":5}},"loc":{"start":{"line":7,"column":27},"end":{"line":9,"column":5}},"line":7}},"branchMap":{},"s":{"0":1,"1":1,"2":1,"3":27,"4":1},"f":{"0":27},"b":{},"_coverageSchema":"1a1c01bbd47fc00a2c39e90264f33305004495a9","hash":"62c8f4f0a85cace3017f93a481a6160e67ff253a"}
,"C:\\Users\\BKK\\Documents\\MyProjects\\nodejs-task-management\\rabbitmq\\user.rabbitmq.js": {"path":"C:\\Users\\BKK\\Documents\\MyProjects\\nodejs-task-management\\rabbitmq\\user.rabbitmq.js","statementMap":{"0":{"start":{"line":1,"column":13},"end":{"line":1,"column":31}},"1":{"start":{"line":5,"column":8},"end":{"line":5,"column":28}},"2":{"start":{"line":9,"column":8},"end":{"line":12,"column":9}},"3":{"start":{"line":10,"column":12},"end":{"line":10,"column":78}},"4":{"start":{"line":11,"column":12},"end":{"line":11,"column":24}},"5":{"start":{"line":14,"column":8},"end":{"line":23,"column":9}},"6":{"start":{"line":15,"column":33},"end":{"line":15,"column":72}},"7":{"start":{"line":16,"column":31},"end":{"line":16,"column":75}},"8":{"start":{"line":17,"column":12},"end":{"line":17,"column":60}},"9":{"start":{"line":18,"column":12},"end":{"line":18,"column":59}},"10":{"start":{"line":19,"column":12},"end":{"line":19,"column":59}},"11":{"start":{"line":20,"column":12},"end":{"line":20,"column":51}},"12":{"start":{"line":22,"column":12},"end":{"line":22,"column":74}},"13":{"start":{"line":25,"column":8},"end":{"line":25,"column":28}},"14":{"start":{"line":29,"column":0},"end":{"line":29,"column":36}}},"fnMap":{"0":{"name":"(anonymous_0)","decl":{"start":{"line":4,"column":4},"end":{"line":4,"column":5}},"loc":{"start":{"line":4,"column":18},"end":{"line":6,"column":5}},"line":4},"1":{"name":"(anonymous_1)","decl":{"start":{"line":8,"column":4},"end":{"line":8,"column":5}},"loc":{"start":{"line":8,"column":20},"end":{"line":26,"column":5}},"line":8}},"branchMap":{"0":{"loc":{"start":{"line":9,"column":8},"end":{"line":12,"column":9}},"type":"if","locations":[{"start":{"line":9,"column":8},"end":{"line":12,"column":9}},{"start":{},"end":{}}],"line":9},"1":{"loc":{"start":{"line":15,"column":33},"end":{"line":15,"column":72}},"type":"binary-expr","locations":[{"start":{"line":15,"column":33},"end":{"line":15,"column":58}},{"start":{"line":15,"column":62},"end":{"line":15,"column":72}}],"line":15}},"s":{"0":1,"1":1,"2":0,"3":0,"4":0,"5":0,"6":0,"7":0,"8":0,"9":0,"10":0,"11":0,"12":0,"13":0,"14":1},"f":{"0":1,"1":0},"b":{"0":[0,0],"1":[0,0]},"_coverageSchema":"1a1c01bbd47fc00a2c39e90264f33305004495a9","hash":"c75f82aa717c53a34b7c4ff85e1301ed18f8ffc6"}
,"C:\\Users\\BKK\\Documents\\MyProjects\\nodejs-task-management\\routes\\index.js": {"path":"C:\\Users\\BKK\\Documents\\MyProjects\\nodejs-task-management\\routes\\index.js","statementMap":{"0":{"start":{"line":1,"column":16},"end":{"line":1,"column":34}},"1":{"start":{"line":2,"column":15},"end":{"line":2,"column":31}},"2":{"start":{"line":3,"column":16},"end":{"line":3,"column":27}},"3":{"start":{"line":5,"column":0},"end":{"line":5,"column":41}},"4":{"start":{"line":7,"column":0},"end":{"line":7,"column":24}}},"fnMap":{},"branchMap":{},"s":{"0":1,"1":1,"2":1,"3":1,"4":1},"f":{},"b":{},"_coverageSchema":"1a1c01bbd47fc00a2c39e90264f33305004495a9","hash":"bdf58d12ffe745c294c9717ab0acc06d09360dd4"}
,"C:\\Users\\BKK\\Documents\\MyProjects\\nodejs-task-management\\routes\\users\\index.js": {"path":"C:\\Users\\BKK\\Documents\\MyProjects\\nodejs-task-management\\routes\\users\\index.js","statementMap":{"0":{"start":{"line":1,"column":16},"end":{"line":1,"column":34}},"1":{"start":{"line":2,"column":23},"end":{"line":2,"column":52}},"2":{"start":{"line":4,"column":15},"end":{"line":4,"column":31}},"3":{"start":{"line":6,"column":0},"end":{"line":6,"column":44}},"4":{"start":{"line":7,"column":0},"end":{"line":7,"column":44}},"5":{"start":{"line":8,"column":0},"end":{"line":8,"column":47}},"6":{"start":{"line":9,"column":0},"end":{"line":9,"column":46}},"7":{"start":{"line":10,"column":0},"end":{"line":10,"column":49}},"8":{"start":{"line":12,"column":0},"end":{"line":12,"column":24}}},"fnMap":{},"branchMap":{},"s":{"0":1,"1":1,"2":1,"3":1,"4":1,"5":1,"6":1,"7":1,"8":1},"f":{},"b":{},"_coverageSchema":"1a1c01bbd47fc00a2c39e90264f33305004495a9","hash":"eb296e7d52ae86d452287f5b6543cd02b169040f"}
,"C:\\Users\\BKK\\Documents\\MyProjects\\nodejs-task-management\\routes\\users\\users.controller.js": {"path":"C:\\Users\\BKK\\Documents\\MyProjects\\nodejs-task-management\\routes\\users\\users.controller.js","statementMap":{"0":{"start":{"line":1,"column":20},"end":{"line":1,"column":46}},"1":{"start":{"line":5,"column":8},"end":{"line":12,"column":9}},"2":{"start":{"line":6,"column":12},"end":{"line":6,"column":63}},"3":{"start":{"line":7,"column":25},"end":{"line":7,"column":63}},"4":{"start":{"line":8,"column":12},"end":{"line":8,"column":39}},"5":{"start":{"line":10,"column":12},"end":{"line":10,"column":57}},"6":{"start":{"line":11,"column":12},"end":{"line":11,"column":59}},"7":{"start":{"line":16,"column":8},"end":{"line":22,"column":9}},"8":{"start":{"line":17,"column":26},"end":{"line":17,"column":57}},"9":{"start":{"line":18,"column":12},"end":{"line":18,"column":28}},"10":{"start":{"line":20,"column":12},"end":{"line":20,"column":58}},"11":{"start":{"line":21,"column":12},"end":{"line":21,"column":59}},"12":{"start":{"line":26,"column":8},"end":{"line":40,"column":9}},"13":{"start":{"line":27,"column":12},"end":{"line":27,"column":65}},"14":{"start":{"line":29,"column":12},"end":{"line":31,"column":13}},"15":{"start":{"line":30,"column":16},"end":{"line":30,"column":81}},"16":{"start":{"line":33,"column":25},"end":{"line":33,"column":69}},"17":{"start":{"line":34,"column":12},"end":{"line":34,"column":82}},"18":{"start":{"line":34,"column":23},"end":{"line":34,"column":82}},"19":{"start":{"line":36,"column":12},"end":{"line":36,"column":27}},"20":{"start":{"line":38,"column":12},"end":{"line":38,"column":57}},"21":{"start":{"line":39,"column":12},"end":{"line":39,"column":59}},"22":{"start":{"line":44,"column":8},"end":{"line":51,"column":9}},"23":{"start":{"line":45,"column":12},"end":{"line":45,"column":63}},"24":{"start":{"line":46,"column":25},"end":{"line":46,"column":78}},"25":{"start":{"line":47,"column":12},"end":{"line":47,"column":27}},"26":{"start":{"line":49,"column":12},"end":{"line":49,"column":57}},"27":{"start":{"line":50,"column":12},"end":{"line":50,"column":59}},"28":{"start":{"line":55,"column":8},"end":{"line":62,"column":9}},"29":{"start":{"line":56,"column":12},"end":{"line":56,"column":65}},"30":{"start":{"line":57,"column":12},"end":{"line":57,"column":56}},"31":{"start":{"line":58,"column":12},"end":{"line":58,"column":50}},"32":{"start":{"line":60,"column":12},"end":{"line":60,"column":57}},"33":{"start":{"line":61,"column":12},"end":{"line":61,"column":59}},"34":{"start":{"line":66,"column":0},"end":{"line":66,"column":38}}},"fnMap":{"0":{"name":"(anonymous_0)","decl":{"start":{"line":4,"column":4},"end":{"line":4,"column":5}},"loc":{"start":{"line":4,"column":31},"end":{"line":13,"column":5}},"line":4},"1":{"name":"(anonymous_1)","decl":{"start":{"line":15,"column":4},"end":{"line":15,"column":5}},"loc":{"start":{"line":15,"column":32},"end":{"line":23,"column":5}},"line":15},"2":{"name":"(anonymous_2)","decl":{"start":{"line":25,"column":4},"end":{"line":25,"column":5}},"loc":{"start":{"line":25,"column":32},"end":{"line":41,"column":5}},"line":25},"3":{"name":"(anonymous_3)","decl":{"start":{"line":43,"column":4},"end":{"line":43,"column":5}},"loc":{"start":{"line":43,"column":31},"end":{"line":52,"column":5}},"line":43},"4":{"name":"(anonymous_4)","decl":{"start":{"line":54,"column":4},"end":{"line":54,"column":5}},"loc":{"start":{"line":54,"column":31},"end":{"line":63,"column":5}},"line":54}},"branchMap":{"0":{"loc":{"start":{"line":29,"column":12},"end":{"line":31,"column":13}},"type":"if","locations":[{"start":{"line":29,"column":12},"end":{"line":31,"column":13}},{"start":{},"end":{}}],"line":29},"1":{"loc":{"start":{"line":34,"column":12},"end":{"line":34,"column":82}},"type":"if","locations":[{"start":{"line":34,"column":12},"end":{"line":34,"column":82}},{"start":{},"end":{}}],"line":34}},"s":{"0":1,"1":1,"2":1,"3":1,"4":1,"5":0,"6":0,"7":1,"8":1,"9":1,"10":0,"11":0,"12":2,"13":2,"14":2,"15":1,"16":1,"17":1,"18":0,"19":1,"20":0,"21":0,"22":1,"23":1,"24":1,"25":1,"26":0,"27":0,"28":1,"29":1,"30":1,"31":0,"32":1,"33":1,"34":1},"f":{"0":1,"1":1,"2":2,"3":1,"4":1},"b":{"0":[1,1],"1":[0,1]},"_coverageSchema":"1a1c01bbd47fc00a2c39e90264f33305004495a9","hash":"bb0fc4e007c40b453df695e4d1bd4a633571c073"}
,"C:\\Users\\BKK\\Documents\\MyProjects\\nodejs-task-management\\routes\\users\\users.service.js": {"path":"C:\\Users\\BKK\\Documents\\MyProjects\\nodejs-task-management\\routes\\users\\users.service.js","statementMap":{"0":{"start":{"line":1,"column":13},"end":{"line":1,"column":47}},"1":{"start":{"line":2,"column":14},"end":{"line":2,"column":47}},"2":{"start":{"line":3,"column":24},"end":{"line":3,"column":63}},"3":{"start":{"line":7,"column":24},"end":{"line":7,"column":47}},"4":{"start":{"line":8,"column":8},"end":{"line":8,"column":79}},"5":{"start":{"line":12,"column":21},"end":{"line":12,"column":52}},"6":{"start":{"line":13,"column":8},"end":{"line":13,"column":86}},"7":{"start":{"line":15,"column":8},"end":{"line":17,"column":66}},"8":{"start":{"line":16,"column":24},"end":{"line":16,"column":65}},"9":{"start":{"line":17,"column":28},"end":{"line":17,"column":64}},"10":{"start":{"line":19,"column":8},"end":{"line":19,"column":20}},"11":{"start":{"line":23,"column":8},"end":{"line":23,"column":28}},"12":{"start":{"line":27,"column":27},"end":{"line":27,"column":56}},"13":{"start":{"line":28,"column":8},"end":{"line":28,"column":54}},"14":{"start":{"line":28,"column":24},"end":{"line":28,"column":54}},"15":{"start":{"line":30,"column":21},"end":{"line":30,"column":82}},"16":{"start":{"line":31,"column":8},"end":{"line":31,"column":60}},"17":{"start":{"line":33,"column":8},"end":{"line":33,"column":82}},"18":{"start":{"line":33,"column":18},"end":{"line":33,"column":82}},"19":{"start":{"line":35,"column":8},"end":{"line":35,"column":20}},"20":{"start":{"line":39,"column":28},"end":{"line":39,"column":74}},"21":{"start":{"line":40,"column":8},"end":{"line":40,"column":60}},"22":{"start":{"line":42,"column":8},"end":{"line":42,"column":79}},"23":{"start":{"line":44,"column":8},"end":{"line":44,"column":27}},"24":{"start":{"line":48,"column":8},"end":{"line":74,"column":9}},"25":{"start":{"line":49,"column":12},"end":{"line":49,"column":68}},"26":{"start":{"line":52,"column":25},"end":{"line":52,"column":56}},"27":{"start":{"line":53,"column":12},"end":{"line":56,"column":13}},"28":{"start":{"line":54,"column":16},"end":{"line":54,"column":64}},"29":{"start":{"line":55,"column":16},"end":{"line":55,"column":50}},"30":{"start":{"line":59,"column":12},"end":{"line":59,"column":46}},"31":{"start":{"line":60,"column":12},"end":{"line":60,"column":70}},"32":{"start":{"line":63,"column":32},"end":{"line":63,"column":61}},"33":{"start":{"line":64,"column":12},"end":{"line":64,"column":68}},"34":{"start":{"line":67,"column":12},"end":{"line":67,"column":62}},"35":{"start":{"line":68,"column":12},"end":{"line":68,"column":79}},"36":{"start":{"line":70,"column":12},"end":{"line":70,"column":47}},"37":{"start":{"line":72,"column":12},"end":{"line":72,"column":59}},"38":{"start":{"line":73,"column":12},"end":{"line":73,"column":43}},"39":{"start":{"line":78,"column":0},"end":{"line":78,"column":35}}},"fnMap":{"0":{"name":"(anonymous_0)","decl":{"start":{"line":6,"column":4},"end":{"line":6,"column":5}},"loc":{"start":{"line":6,"column":41},"end":{"line":9,"column":5}},"line":6},"1":{"name":"(anonymous_1)","decl":{"start":{"line":11,"column":4},"end":{"line":11,"column":5}},"loc":{"start":{"line":11,"column":27},"end":{"line":20,"column":5}},"line":11},"2":{"name":"(anonymous_2)","decl":{"start":{"line":16,"column":18},"end":{"line":16,"column":19}},"loc":{"start":{"line":16,"column":24},"end":{"line":16,"column":65}},"line":16},"3":{"name":"(anonymous_3)","decl":{"start":{"line":17,"column":19},"end":{"line":17,"column":20}},"loc":{"start":{"line":17,"column":28},"end":{"line":17,"column":64}},"line":17},"4":{"name":"(anonymous_4)","decl":{"start":{"line":22,"column":4},"end":{"line":22,"column":5}},"loc":{"start":{"line":22,"column":24},"end":{"line":24,"column":5}},"line":22},"5":{"name":"(anonymous_5)","decl":{"start":{"line":26,"column":4},"end":{"line":26,"column":5}},"loc":{"start":{"line":26,"column":26},"end":{"line":36,"column":5}},"line":26},"6":{"name":"(anonymous_6)","decl":{"start":{"line":38,"column":4},"end":{"line":38,"column":5}},"loc":{"start":{"line":38,"column":31},"end":{"line":45,"column":5}},"line":38},"7":{"name":"(anonymous_7)","decl":{"start":{"line":47,"column":4},"end":{"line":47,"column":5}},"loc":{"start":{"line":47,"column":25},"end":{"line":75,"column":5}},"line":47}},"branchMap":{"0":{"loc":{"start":{"line":28,"column":8},"end":{"line":28,"column":54}},"type":"if","locations":[{"start":{"line":28,"column":8},"end":{"line":28,"column":54}},{"start":{},"end":{}}],"line":28},"1":{"loc":{"start":{"line":33,"column":8},"end":{"line":33,"column":82}},"type":"if","locations":[{"start":{"line":33,"column":8},"end":{"line":33,"column":82}},{"start":{},"end":{}}],"line":33},"2":{"loc":{"start":{"line":53,"column":12},"end":{"line":56,"column":13}},"type":"if","locations":[{"start":{"line":53,"column":12},"end":{"line":56,"column":13}},{"start":{},"end":{}}],"line":53}},"s":{"0":1,"1":1,"2":1,"3":1,"4":0,"5":1,"6":1,"7":1,"8":1,"9":0,"10":1,"11":1,"12":1,"13":1,"14":1,"15":0,"16":0,"17":0,"18":0,"19":0,"20":1,"21":1,"22":1,"23":1,"24":1,"25":1,"26":1,"27":1,"28":0,"29":0,"30":1,"31":1,"32":1,"33":1,"34":1,"35":0,"36":0,"37":1,"38":1,"39":1},"f":{"0":1,"1":1,"2":1,"3":0,"4":1,"5":1,"6":1,"7":1},"b":{"0":[1,0],"1":[0,0],"2":[0,1]},"_coverageSchema":"1a1c01bbd47fc00a2c39e90264f33305004495a9","hash":"5b02ffb46dcce2f38246b62f6fee984854639a47"}
}
