TN:
SF:app.js
FNF:0
FNH:0
DA:3,1
DA:4,1
DA:5,1
DA:6,1
DA:7,1
DA:8,1
DA:10,1
DA:11,1
DA:12,1
DA:13,1
DA:15,1
DA:17,1
DA:22,1
LF:13
LH:13
BRF:0
BRH:0
end_of_record
TN:
SF:knexfile.js
FNF:0
FNH:0
DA:2,1
DA:4,1
LF:2
LH:2
BRDA:8,0,0,1
BRDA:8,0,1,0
BRDA:9,1,0,1
BRDA:9,1,1,0
BRDA:10,2,0,1
BRDA:10,2,1,0
BRDA:11,3,0,1
BRDA:11,3,1,0
BRDA:12,4,0,1
BRDA:12,4,1,0
BRF:10
BRH:5
end_of_record
TN:
SF:configs\swaggerDocs.js
FNF:0
FNH:0
DA:1,1
DA:2,1
DA:4,1
DA:16,1
DA:18,1
DA:24,1
DA:95,1
DA:97,1
LF:8
LH:8
BRF:0
BRH:0
end_of_record
TN:
SF:db\migrations\20250206101410_create_users_table.js
FN:5,(anonymous_0)
FN:6,(anonymous_1)
FN:19,(anonymous_2)
FNF:3
FNH:2
FNDA:1,(anonymous_0)
FNDA:1,(anonymous_1)
FNDA:0,(anonymous_2)
DA:5,1
DA:6,1
DA:7,1
DA:8,1
DA:9,1
DA:10,1
DA:11,1
DA:19,1
DA:20,0
LF:9
LH:8
BRF:0
BRH:0
end_of_record
TN:
SF:db\migrations\20250209111146_create_users_table.js
FN:5,(anonymous_0)
FN:13,(anonymous_1)
FNF:2
FNH:1
FNDA:1,(anonymous_0)
FNDA:0,(anonymous_1)
DA:5,1
DA:13,1
LF:2
LH:2
BRF:0
BRH:0
end_of_record
TN:
SF:knex\index.js
FNF:0
FNH:0
DA:1,1
DA:2,1
DA:3,1
DA:5,1
DA:6,1
DA:8,1
LF:6
LH:6
BRDA:3,0,0,1
BRDA:3,0,1,0
BRDA:5,1,0,1
BRDA:5,1,1,0
BRF:4
BRH:2
end_of_record
TN:
SF:models\user.model.js
FN:7,(anonymous_0)
FNF:1
FNH:1
FNDA:27,(anonymous_0)
DA:1,1
DA:2,1
DA:4,1
DA:8,27
DA:12,1
LF:5
LH:5
BRF:0
BRH:0
end_of_record
TN:
SF:rabbitmq\user.rabbitmq.js
FN:4,(anonymous_0)
FN:8,(anonymous_1)
FNF:2
FNH:1
FNDA:1,(anonymous_0)
FNDA:0,(anonymous_1)
DA:1,1
DA:5,1
DA:9,0
DA:10,0
DA:11,0
DA:14,0
DA:15,0
DA:16,0
DA:17,0
DA:18,0
DA:19,0
DA:20,0
DA:22,0
DA:25,0
DA:29,1
LF:15
LH:3
BRDA:9,0,0,0
BRDA:9,0,1,0
BRDA:15,1,0,0
BRDA:15,1,1,0
BRF:4
BRH:0
end_of_record
TN:
SF:routes\index.js
FNF:0
FNH:0
DA:1,1
DA:2,1
DA:3,1
DA:5,1
DA:7,1
LF:5
LH:5
BRF:0
BRH:0
end_of_record
TN:
SF:routes\users\index.js
FNF:0
FNH:0
DA:1,1
DA:2,1
DA:4,1
DA:6,1
DA:7,1
DA:8,1
DA:9,1
DA:10,1
DA:12,1
LF:9
LH:9
BRF:0
BRH:0
end_of_record
TN:
SF:routes\users\users.controller.js
FN:4,(anonymous_0)
FN:15,(anonymous_1)
FN:25,(anonymous_2)
FN:43,(anonymous_3)
FN:54,(anonymous_4)
FNF:5
FNH:5
FNDA:1,(anonymous_0)
FNDA:1,(anonymous_1)
FNDA:2,(anonymous_2)
FNDA:1,(anonymous_3)
FNDA:1,(anonymous_4)
DA:1,1
DA:5,1
DA:6,1
DA:7,1
DA:8,1
DA:10,0
DA:11,0
DA:16,1
DA:17,1
DA:18,1
DA:20,0
DA:21,0
DA:26,2
DA:27,2
DA:29,2
DA:30,1
DA:33,1
DA:34,1
DA:36,1
DA:38,0
DA:39,0
DA:44,1
DA:45,1
DA:46,1
DA:47,1
DA:49,0
DA:50,0
DA:55,1
DA:56,1
DA:57,1
DA:58,0
DA:60,1
DA:61,1
DA:66,1
LF:34
LH:25
BRDA:29,0,0,1
BRDA:29,0,1,1
BRDA:34,1,0,0
BRDA:34,1,1,1
BRF:4
BRH:3
end_of_record
TN:
SF:routes\users\users.service.js
FN:6,(anonymous_0)
FN:11,(anonymous_1)
FN:16,(anonymous_2)
FN:17,(anonymous_3)
FN:22,(anonymous_4)
FN:26,(anonymous_5)
FN:38,(anonymous_6)
FN:47,(anonymous_7)
FNF:8
FNH:7
FNDA:1,(anonymous_0)
FNDA:1,(anonymous_1)
FNDA:1,(anonymous_2)
FNDA:0,(anonymous_3)
FNDA:1,(anonymous_4)
FNDA:1,(anonymous_5)
FNDA:1,(anonymous_6)
FNDA:1,(anonymous_7)
DA:1,1
DA:2,1
DA:3,1
DA:7,1
DA:8,0
DA:12,1
DA:13,1
DA:15,1
DA:16,1
DA:17,0
DA:19,1
DA:23,1
DA:27,1
DA:28,1
DA:30,0
DA:31,0
DA:33,0
DA:35,0
DA:39,1
DA:40,1
DA:42,1
DA:44,1
DA:48,1
DA:49,1
DA:52,1
DA:53,1
DA:54,0
DA:55,0
DA:59,1
DA:60,1
DA:63,1
DA:64,1
DA:67,1
DA:68,0
DA:70,0
DA:72,1
DA:73,1
DA:78,1
LF:38
LH:28
BRDA:28,0,0,1
BRDA:28,0,1,0
BRDA:33,1,0,0
BRDA:33,1,1,0
BRDA:53,2,0,0
BRDA:53,2,1,1
BRF:6
BRH:2
end_of_record
